\BOOKMARK [1][-]{section.1}{\376\377\004\036\004\101\004\075\004\076\004\062\004\075\004\113\004\065\000\040\004\101\004\102\004\100\004\060\004\102\004\065\004\063\004\070\004\070\000\040\004\074\004\075\004\076\004\063\004\076\004\110\004\060\004\063\004\076\004\062\004\076\004\063\004\076\000\040\004\077\004\100\004\076\004\063\004\075\004\076\004\067\004\070\004\100\004\076\004\062\004\060\004\075\004\070\004\117}{}% 1
\BOOKMARK [2][-]{subsection.1.1}{\376\377\004\034\004\076\004\064\004\065\004\073\004\114}{section.1}% 2
\BOOKMARK [2][-]{subsection.1.2}{\376\377\004\040\004\065\004\072\004\103\004\100\004\101\004\070\004\062\004\075\004\060\004\117\000\040\004\101\004\102\004\100\004\060\004\102\004\065\004\063\004\070\004\117}{section.1}% 3
\BOOKMARK [2][-]{subsection.1.3}{\376\377\004\037\004\100\004\117\004\074\004\060\004\117\000\040\004\101\004\102\004\100\004\060\004\102\004\065\004\063\004\070\004\117}{section.1}% 4
\BOOKMARK [1][-]{section.2}{\376\377\004\032\004\076\004\074\004\061\004\070\004\075\004\060\004\106\004\070\004\070\000\040\004\077\004\100\004\117\004\074\004\076\004\071\000\040\004\070\000\040\004\100\004\065\004\072\004\103\004\100\004\101\004\070\004\062\004\075\004\076\004\071\000\040\004\101\004\102\004\100\004\060\004\102\004\065\004\063\004\070\004\071}{}% 5
\BOOKMARK [2][-]{subsection.2.1}{\376\377\000D\000i\000r\000R\000e\000c}{section.2}% 6
\BOOKMARK [2][-]{subsection.2.2}{\376\377\000M\000S\000R\000V}{section.2}% 7
\BOOKMARK [2][-]{subsection.2.3}{\376\377\004\041\004\102\004\100\004\060\004\102\004\065\004\063\004\070\004\117\000\040\000R\000E\000C\000T\000I\000F\000Y}{section.2}% 8
\BOOKMARK [2][-]{subsection.2.4}{\376\377\004\036\004\106\004\065\004\075\004\072\004\060\000\040\004\101\004\103\004\074\004\074\004\113\000\040\004\101\004\064\004\062\004\070\004\063\004\060\000\040\004\070\000\040\004\064\004\070\004\101\004\077\004\065\004\100\004\101\004\070\004\070}{section.2}% 9
\BOOKMARK [2][-]{subsection.2.5}{\376\377\004\040\004\065\004\063\004\100\004\065\004\101\004\101\004\070\004\076\004\075\004\075\004\113\004\065\000\040\004\074\004\065\004\102\004\076\004\064\004\113\000\040\004\070\000\040\004\076\004\102\004\061\004\076\004\100\000\040\004\074\004\076\004\064\004\065\004\073\004\065\004\071}{section.2}% 10
\BOOKMARK [2][-]{subsection.2.6}{\376\377\004\036\004\106\004\065\004\075\004\072\004\060\000\040\004\101\004\074\004\065\004\111\004\065\004\075\004\070\004\117\000\040\004\070\000\040\004\064\004\070\004\101\004\077\004\065\004\100\004\101\004\070\004\070}{section.2}% 11
\BOOKMARK [1][-]{section.3}{\376\377\004\041\004\102\004\100\004\060\004\102\004\065\004\063\004\070\004\070\000\040\004\101\000\040\004\074\004\075\004\076\004\066\004\065\004\101\004\102\004\062\004\065\004\075\004\075\004\113\004\074\004\070\000\040\004\063\004\076\004\100\004\070\004\067\004\076\004\075\004\102\004\060\004\074\004\070}{}% 12
\BOOKMARK [2][-]{subsection.3.1}{\376\377\004\037\004\100\004\117\004\074\004\113\004\065\000\040\004\101\004\102\004\100\004\060\004\102\004\065\004\063\004\070\004\070}{section.3}% 13
\BOOKMARK [3][-]{subsubsection.3.1.1}{\376\377\004\041\004\102\004\100\004\060\004\102\004\065\004\063\004\070\004\117\000\040\000D\000I\000R\000J\000O\000I\000N\000T}{subsection.3.1}% 14
\BOOKMARK [3][-]{subsubsection.3.1.2}{\376\377\004\041\004\102\004\100\004\060\004\102\004\065\004\063\004\070\004\117\000\040\000S\000J\000O\000I\000N\000T}{subsection.3.1}% 15
\BOOKMARK [3][-]{subsubsection.3.1.3}{\376\377\004\041\004\102\004\100\004\060\004\102\004\065\004\063\004\070\004\117\000\040\000D\000I\000R\000J\000O\000I\000N\000T\000L}{subsection.3.1}% 16
\BOOKMARK [3][-]{subsubsection.3.1.4}{\376\377\004\041\004\102\004\100\004\060\004\102\004\065\004\063\004\070\004\117\000\040\000R\000E\000C\000J\000O\000I\000N\000T}{subsection.3.1}% 17
\BOOKMARK [3][-]{subsubsection.3.1.5}{\376\377\004\041\004\102\004\100\004\060\004\102\004\065\004\063\004\070\004\117\000\040\000R\000E\000C\000J\000O\000I\000N\000T\000L}{subsection.3.1}% 18
\BOOKMARK [2][-]{subsection.3.2}{\376\377\004\040\004\065\004\072\004\103\004\100\004\101\004\070\004\062\004\075\004\113\004\065\000\040\004\101\004\102\004\100\004\060\004\102\004\065\004\063\004\070\004\070}{section.3}% 19
\BOOKMARK [3][-]{subsubsection.3.2.1}{\376\377\004\041\004\102\004\100\004\060\004\102\004\065\004\063\004\070\004\117\000\040\000R\000E\000C\000J\000O\000I\000N\000T}{subsection.3.2}% 20
\BOOKMARK [1][-]{section.4}{\376\377\004\055\004\072\004\101\004\077\004\065\004\100\004\070\004\074\004\065\004\075\004\102\004\113\000\040\004\070\000\040\004\101\004\070\004\074\004\103\004\073\004\117\004\106\004\070\004\070}{}% 21
\BOOKMARK [2][-]{subsection.4.1}{\376\377\004\037\004\060\004\100\004\060\004\074\004\065\004\102\004\100\004\113\000\040\004\101\004\070\004\074\004\103\004\073\004\117\004\106\004\070\004\071\000\040\004\070\000\040\004\100\004\065\004\067\004\103\004\073\004\114\004\102\004\060\004\102\004\113\000.}{section.4}% 22
